
> backend@1.0.0 test
> jest --forceExit --detectOpenHandles

2026-07-17 04:38:07 [[32M'INFO'[39M]: Admin admin-1 manually verified customer uid-pending
2026-07-17 04:38:11 [[32M'INFO'[39M]: Admin admin-1 changed role of user uid-promote: customer → admin
2026-07-17 04:38:11 [[32M'INFO'[39M]: Admin admin-1 changed role of user admin-2: admin → customer
(node:16456) MaxListenersExceededWarning: Possible EventEmitter memory leak detected. 11 uncaughtException listeners added to [process]. MaxListeners is 10. Use emitter.setMaxListeners() to increase limit
(Use `node --trace-warnings ...` to show where the warning was created)
(node:16456) MaxListenersExceededWarning: Possible EventEmitter memory leak detected. 11 unhandledRejection listeners added to [process]. MaxListeners is 10. Use emitter.setMaxListeners() to increase limit
2026-07-17 04:38:21 [[32MINFO[39M]: Inserted 151 default accounts for business 6a596b6d061858e15bb36c98
2026-07-17 04:38:21 [[32MINFO[39M]: Closing entry created: net income 60000 → Retained Earnings for FY2026
2026-07-17 04:38:21 [[32MINFO[39M]: FiscalYear "FY2026" CLOSED. Retained earnings transferred: 60000
2026-07-17 04:38:23 [[32MINFO[39M]: Inserted 151 default accounts for business 6a596b6f061858e15bb36d3c
2026-07-17 04:38:23 [[32MINFO[39M]: Closing entry created: net income 60000 → Retained Earnings for FY2026
2026-07-17 04:38:23 [[32MINFO[39M]: FiscalYear "FY2026" CLOSED. Retained earnings transferred: 60000
2026-07-17 04:38:24 [[32MINFO[39M]: Inserted 151 default accounts for business 6a596b70061858e15bb36de0
(node:16456) [MONGOOSE] Warning: mongoose: the `new` option for `findOneAndUpdate()` and `findOneAndReplace()` is deprecated. Use `returnDocument: 'after'` instead.
2026-07-17 04:38:25 [[32MINFO[39M]: [accountResolver] healed missing default 3210 (Retained Earnings) for business 6a596b70061858e15bb36de0
2026-07-17 04:38:25 [[32MINFO[39M]: Closing entry created: net income 60000 → Retained Earnings for FY2026
2026-07-17 04:38:25 [[32MINFO[39M]: FiscalYear "FY2026" CLOSED. Retained earnings transferred: 60000
2026-07-17 04:38:26 [[32MINFO[39M]: Inserted 151 default accounts for business 6a596b72061858e15bb36e84
2026-07-17 04:38:26 [[32MINFO[39M]: Closing entry created: net income -20000 → Retained Earnings for FY2026
2026-07-17 04:38:27 [[32MINFO[39M]: FiscalYear "FY2026" CLOSED. Retained earnings transferred: -20000
2026-07-17 04:38:28 [[32MINFO[39M]: Inserted 151 default accounts for business 6a596b74061858e15bb36f28
2026-07-17 04:38:28 [[32MINFO[39M]: Closing entry created: net income 60000 → Retained Earnings for FY2026
2026-07-17 04:38:28 [[32MINFO[39M]: FiscalYear "FY2026" CLOSED. Retained earnings transferred: 60000
2026-07-17 04:38:30 [[32MINFO[39M]: Inserted 151 default accounts for business 6a596b76061858e15bb36fcc
2026-07-17 04:38:30 [[32MINFO[39M]: Closing entry created: net income 60000 → Retained Earnings for FY2026
2026-07-17 04:38:30 [[32MINFO[39M]: FiscalYear "FY2026" CLOSED. Retained earnings transferred: 60000
2026-07-17 04:38:30 [[32MINFO[39M]: [postCompoundJournal] idempotent skip — key fy-close:6a596b76061858e15bb37064 already posted as 6a596b76061858e15bb3706b
2026-07-17 04:38:30 [[32MINFO[39M]: Closing entry created: net income 60000 → Retained Earnings for FY2026
2026-07-17 04:38:30 [[32MINFO[39M]: FiscalYear "FY2026" CLOSED. Retained earnings transferred: 60000
2026-07-17 04:38:32 [[32MINFO[39M]: Inserted 151 default accounts for business 6a596b78061858e15bb37070

ReferenceError: You are trying to `require` a file after the Jest environment has been torn down. From tests/live/fiscalYearClose.live.test.js.

    [0m [90m 902 |[39m     _equationTimers[33m.[39m[36mdelete[39m(key)[33m;[39m
     [90m 903 |[39m     [36mtry[39m {
    [31m[1m>[22m[39m[90m 904 |[39m       [36mawait[39m require([32m'../services/trendMonitor.service'[39m)[33m.[39mcheckBalanceEquation(key)[33m;[39m
     [90m     |[39m             [31m[1m^[22m[39m
     [90m 905 |[39m     } [36mcatch[39m (_) { [90m/* invariant check is best-effort; cron re-checks anyway */[39m }
     [90m 906 |[39m     [36mtry[39m {
     [90m 907 |[39m       [90m// FR-03.2 — health indicators react to every posting (real-time AC)[39m[0m

      at Timeout.require [as _onTimeout] (models/JournalEntry.model.js:904:13)

ReferenceError: You are trying to `require` a file after the Jest environment has been torn down. From tests/live/fiscalYearClose.live.test.js.

    [0m [90m 906 |[39m     [36mtry[39m {
     [90m 907 |[39m       [90m// FR-03.2 — health indicators react to every posting (real-time AC)[39m
    [31m[1m>[22m[39m[90m 908 |[39m       [36mawait[39m require([32m'../services/healthIndicators.service'[39m)[33m.[39mevaluateAndAlert(key)[33m;[39m
     [90m     |[39m             [31m[1m^[22m[39m
     [90m 909 |[39m     } [36mcatch[39m (_) { [90m/* best-effort; trend cron re-evaluates anyway */[39m }
     [90m 910 |[39m   }[33m,[39m [35m5[39m_000)[33m.[39munref[33m?[39m[33m.[39m() [33m?[39m[33m?[39m [36mnull[39m)[33m;[39m
     [90m 911 |[39m }[0m

      at Timeout.require [as _onTimeout] (models/JournalEntry.model.js:908:13)
2026-07-17 04:38:41 [[32MINFO[39M]: Inserted 151 default accounts for business 6a596b8113960056033fc5b3
2026-07-17 04:38:41 [[32MINFO[39M]: [postCompoundJournal] idempotent skip — key retry-me already posted as 6a596b8113960056033fc64b
2026-07-17 04:38:41 [[32MINFO[39M]: [postCompoundJournal] idempotent skip — key retry-me already posted as 6a596b8113960056033fc64b
2026-07-17 04:38:41 [[32MINFO[39M]: [postCompoundJournal] idempotent skip — key retry-me already posted as 6a596b8113960056033fc64b
2026-07-17 04:38:43 [[32MINFO[39M]: Inserted 151 default accounts for business 6a596b8313960056033fc650
2026-07-17 04:38:43 [[32MINFO[39M]: [postCompoundJournal] lost idempotency race — key race-me already posted as 6a596b8313960056033fc6eb
2026-07-17 04:38:43 [[32MINFO[39M]: [postCompoundJournal] lost idempotency race — key race-me already posted as 6a596b8313960056033fc6eb
2026-07-17 04:38:43 [[32MINFO[39M]: [postCompoundJournal] lost idempotency race — key race-me already posted as 6a596b8313960056033fc6eb
2026-07-17 04:38:43 [[32MINFO[39M]: [postCompoundJournal] lost idempotency race — key race-me already posted as 6a596b8313960056033fc6eb
2026-07-17 04:38:45 [[32MINFO[39M]: Inserted 151 default accounts for business 6a596b8513960056033fc705
2026-07-17 04:38:45 [[32MINFO[39M]: Inserted 151 default accounts for business 6a596b8513960056033fc79f
2026-07-17 04:38:46 [[32MINFO[39M]: Inserted 151 default accounts for business 6a596b8613960056033fc83f
2026-07-17 04:38:48 [[32MINFO[39M]: Inserted 151 default accounts for business 6a596b8813960056033fc8df
2026-07-17 04:38:49 [[32MINFO[39M]: Inserted 151 default accounts for business 6a596b8913960056033fc979

ReferenceError: You are trying to `require` a file after the Jest environment has been torn down. From tests/live/idempotency.live.test.js.

    [0m [90m 902 |[39m     _equationTimers[33m.[39m[36mdelete[39m(key)[33m;[39m
     [90m 903 |[39m     [36mtry[39m {
    [31m[1m>[22m[39m[90m 904 |[39m       [36mawait[39m require([32m'../services/trendMonitor.service'[39m)[33m.[39mcheckBalanceEquation(key)[33m;[39m
     [90m     |[39m             [31m[1m^[22m[39m
     [90m 905 |[39m     } [36mcatch[39m (_) { [90m/* invariant check is best-effort; cron re-checks anyway */[39m }
     [90m 906 |[39m     [36mtry[39m {
     [90m 907 |[39m       [90m// FR-03.2 — health indicators react to every posting (real-time AC)[39m[0m

      at Timeout.require [as _onTimeout] (models/JournalEntry.model.js:904:13)

ReferenceError: You are trying to `require` a file after the Jest environment has been torn down. From tests/live/idempotency.live.test.js.

    [0m [90m 906 |[39m     [36mtry[39m {
     [90m 907 |[39m       [90m// FR-03.2 — health indicators react to every posting (real-time AC)[39m
    [31m[1m>[22m[39m[90m 908 |[39m       [36mawait[39m require([32m'../services/healthIndicators.service'[39m)[33m.[39mevaluateAndAlert(key)[33m;[39m
     [90m     |[39m             [31m[1m^[22m[39m
     [90m 909 |[39m     } [36mcatch[39m (_) { [90m/* best-effort; trend cron re-evaluates anyway */[39m }
     [90m 910 |[39m   }[33m,[39m [35m5[39m_000)[33m.[39munref[33m?[39m[33m.[39m() [33m?[39m[33m?[39m [36mnull[39m)[33m;[39m
     [90m 911 |[39m }[0m

      at Timeout.require [as _onTimeout] (models/JournalEntry.model.js:908:13)
2026-07-17 04:39:15 [[32MINFO[39M]: Inserted 151 default accounts for business 6a596ba22299049dcabd6f97
2026-07-17 04:39:16 [[32MINFO[39M]: Inserted 151 default accounts for business 6a596ba42299049dcabd7031
2026-07-17 04:39:17 [[32MINFO[39M]: Inserted 151 default accounts for business 6a596ba52299049dcabd70cb
2026-07-17 04:39:17 [[32MINFO[39M]: Inserted 151 default accounts for business 6a596ba52299049dcabd7165
2026-07-17 04:39:17 [[32MINFO[39M]: Inserted 151 default accounts for business 6a596ba52299049dcabd71ff
(node:16456) [MONGOOSE] Warning: mongoose: the `new` option for `findOneAndUpdate()` and `findOneAndReplace()` is deprecated. Use `returnDocument: 'after'` instead.
2026-07-17 04:39:17 [[32MINFO[39M]: [accountResolver] healed missing default 3210 (Retained Earnings) for business 6a596ba52299049dcabd71ff
2026-07-17 04:39:18 [[32MINFO[39M]: Inserted 151 default accounts for business 6a596ba62299049dcabd7299
(node:16456) [MONGOOSE] Warning: mongoose: the `new` option for `findOneAndUpdate()` and `findOneAndReplace()` is deprecated. Use `returnDocument: 'after'` instead.
(node:16456) [MONGOOSE] Warning: mongoose: the `new` option for `findOneAndUpdate()` and `findOneAndReplace()` is deprecated. Use `returnDocument: 'after'` instead.
(node:16456) [MONGOOSE] Warning: mongoose: the `new` option for `findOneAndUpdate()` and `findOneAndReplace()` is deprecated. Use `returnDocument: 'after'` instead.
2026-07-17 04:39:18 [[32MINFO[39M]: [accountResolver] healed missing default 3310 (Current Year Earnings) for business 6a596ba62299049dcabd7299
2026-07-17 04:39:18 [[32MINFO[39M]: [accountResolver] healed missing default 3310 (Current Year Earnings) for business 6a596ba62299049dcabd7299
2026-07-17 04:39:18 [[32MINFO[39M]: [accountResolver] healed missing default 3310 (Current Year Earnings) for business 6a596ba62299049dcabd7299
2026-07-17 04:39:18 [[32MINFO[39M]: Inserted 151 default accounts for business 6a596ba62299049dcabd7333
2026-07-17 04:39:18 [[32MINFO[39M]: Inserted 151 default accounts for business 6a596ba62299049dcabd73cd
(node:16456) [MONGOOSE] Warning: mongoose: the `new` option for `findOneAndUpdate()` and `findOneAndReplace()` is deprecated. Use `returnDocument: 'after'` instead.
2026-07-17 04:39:18 [[32MINFO[39M]: [accountResolver] healed missing default 4110 (Sales) for business 6a596ba62299049dcabd73cd
2026-07-17 04:39:19 [[32MINFO[39M]: Inserted 151 default accounts for business 6a596ba72299049dcabd7467
2026-07-17 04:39:19 [[32MINFO[39M]: Inserted 151 default accounts for business 6a596ba72299049dcabd7501
2026-07-17 04:39:33 [[32MINFO[39M]: Inserted 151 default accounts for business 6a596bb5d6b99806fd1fb484
2026-07-17 04:39:35 [[32MINFO[39M]: Inserted 151 default accounts for business 6a596bb7d6b99806fd1fb51e
2026-07-17 04:39:37 [[32MINFO[39M]: Inserted 151 default accounts for business 6a596bb9d6b99806fd1fb5bb
2026-07-17 04:39:38 [[32MINFO[39M]: Inserted 151 default accounts for business 6a596bbad6b99806fd1fb659
2026-07-17 04:39:40 [[32MINFO[39M]: Inserted 151 default accounts for business 6a596bbcd6b99806fd1fb6f3
2026-07-17 04:39:40 [[32MINFO[39M]: Inserted 151 default accounts for business 6a596bbcd6b99806fd1fb78d
2026-07-17 04:39:41 [[32MINFO[39M]: Inserted 151 default accounts for business 6a596bbdd6b99806fd1fb827
2026-07-17 04:39:41 [[32MINFO[39M]: [postCompoundJournal] idempotent skip — key live:same-key already posted as 6a596bbdd6b99806fd1fb8bf
2026-07-17 04:39:43 [[32MINFO[39M]: Inserted 151 default accounts for business 6a596bbfd6b99806fd1fb8c4
2026-07-17 04:39:43 [[32MINFO[39M]: [postCompoundJournal] lost idempotency race — key live:race already posted as 6a596bbfd6b99806fd1fb95c
2026-07-17 04:39:43 [[32MINFO[39M]: [postCompoundJournal] lost idempotency race — key live:race already posted as 6a596bbfd6b99806fd1fb95c
2026-07-17 04:39:45 [[32MINFO[39M]: Inserted 151 default accounts for business 6a596bc0d6b99806fd1fb96d
2026-07-17 04:39:46 [[32MINFO[39M]: Inserted 151 default accounts for business 6a596bc2d6b99806fd1fba07
2026-07-17 04:39:48 [[32MINFO[39M]: Inserted 151 default accounts for business 6a596bc3d6b99806fd1fbaa7
2026-07-17 04:39:49 [[32MINFO[39M]: Inserted 151 default accounts for business 6a596bc5d6b99806fd1fbb44
2026-07-17 04:39:51 [[32MINFO[39M]: Inserted 151 default accounts for business 6a596bc7d6b99806fd1fbbe6
2026-07-17 04:39:52 [[32MINFO[39M]: Inserted 151 default accounts for business 6a596bc8d6b99806fd1fbc84

ReferenceError: You are trying to `require` a file after the Jest environment has been torn down. From tests/live/ledger.invariants.live.test.js.

    [0m [90m 902 |[39m     _equationTimers[33m.[39m[36mdelete[39m(key)[33m;[39m
     [90m 903 |[39m     [36mtry[39m {
    [31m[1m>[22m[39m[90m 904 |[39m       [36mawait[39m require([32m'../services/trendMonitor.service'[39m)[33m.[39mcheckBalanceEquation(key)[33m;[39m
     [90m     |[39m             [31m[1m^[22m[39m
     [90m 905 |[39m     } [36mcatch[39m (_) { [90m/* invariant check is best-effort; cron re-checks anyway */[39m }
     [90m 906 |[39m     [36mtry[39m {
     [90m 907 |[39m       [90m// FR-03.2 — health indicators react to every posting (real-time AC)[39m[0m

      at Timeout.require [as _onTimeout] (models/JournalEntry.model.js:904:13)

ReferenceError: You are trying to `require` a file after the Jest environment has been torn down. From tests/live/ledger.invariants.live.test.js.

    [0m [90m 906 |[39m     [36mtry[39m {
     [90m 907 |[39m       [90m// FR-03.2 — health indicators react to every posting (real-time AC)[39m
    [31m[1m>[22m[39m[90m 908 |[39m       [36mawait[39m require([32m'../services/healthIndicators.service'[39m)[33m.[39mevaluateAndAlert(key)[33m;[39m
     [90m     |[39m             [31m[1m^[22m[39m
     [90m 909 |[39m     } [36mcatch[39m (_) { [90m/* best-effort; trend cron re-evaluates anyway */[39m }
     [90m 910 |[39m   }[33m,[39m [35m5[39m_000)[33m.[39munref[33m?[39m[33m.[39m() [33m?[39m[33m?[39m [36mnull[39m)[33m;[39m
     [90m 911 |[39m }[0m

      at Timeout.require [as _onTimeout] (models/JournalEntry.model.js:908:13)
2026-07-17 04:40:01 [[32MINFO[39M]: Inserted 151 default accounts for business 6a596bd0493eb4f96aec820a
(node:16456) [MONGOOSE] Warning: mongoose: the `new` option for `findOneAndUpdate()` and `findOneAndReplace()` is deprecated. Use `returnDocument: 'after'` instead.
2026-07-17 04:40:02 [[32MINFO[39M]: Inserted 151 default accounts for business 6a596bd2493eb4f96aec82aa
(node:16456) [MONGOOSE] Warning: mongoose: the `new` option for `findOneAndUpdate()` and `findOneAndReplace()` is deprecated. Use `returnDocument: 'after'` instead.
(node:16456) [MONGOOSE] Warning: mongoose: the `new` option for `findOneAndUpdate()` and `findOneAndReplace()` is deprecated. Use `returnDocument: 'after'` instead.
2026-07-17 04:40:03 [[32MINFO[39M]: Transaction created: 6a596bd2493eb4f96aec8348 by user 6a596bd2493eb4f96aec82a9
2026-07-17 04:40:04 [[32MINFO[39M]: Inserted 151 default accounts for business 6a596bd4493eb4f96aec8350
(node:16456) [MONGOOSE] Warning: mongoose: the `new` option for `findOneAndUpdate()` and `findOneAndReplace()` is deprecated. Use `returnDocument: 'after'` instead.
2026-07-17 04:40:06 [[32MINFO[39M]: Inserted 151 default accounts for business 6a596bd6493eb4f96aec83f0
(node:16456) [MONGOOSE] Warning: mongoose: the `new` option for `findOneAndUpdate()` and `findOneAndReplace()` is deprecated. Use `returnDocument: 'after'` instead.
2026-07-17 04:40:08 [[32MINFO[39M]: Inserted 151 default accounts for business 6a596bd8493eb4f96aec8490
(node:16456) [MONGOOSE] Warning: mongoose: the `new` option for `findOneAndUpdate()` and `findOneAndReplace()` is deprecated. Use `returnDocument: 'after'` instead.
2026-07-17 04:40:08 [[32MINFO[39M]: Transaction created: 6a596bd8493eb4f96aec852f by user 6a596bd8493eb4f96aec848f
(node:16456) [MONGOOSE] Warning: mongoose: the `new` option for `findOneAndUpdate()` and `findOneAndReplace()` is deprecated. Use `returnDocument: 'after'` instead.
(node:16456) [MONGOOSE] Warning: mongoose: the `new` option for `findOneAndUpdate()` and `findOneAndReplace()` is deprecated. Use `returnDocument: 'after'` instead.
(node:16456) [MONGOOSE] Warning: mongoose: the `new` option for `findOneAndUpdate()` and `findOneAndReplace()` is deprecated. Use `returnDocument: 'after'` instead.
2026-07-17 04:40:08 [[32MINFO[39M]: Transaction created: 6a596bd8493eb4f96aec853c by user 6a596bd8493eb4f96aec848f
(node:16456) [MONGOOSE] Warning: mongoose: the `new` option for `findOneAndUpdate()` and `findOneAndReplace()` is deprecated. Use `returnDocument: 'after'` instead.
(node:16456) [MONGOOSE] Warning: mongoose: the `new` option for `findOneAndUpdate()` and `findOneAndReplace()` is deprecated. Use `returnDocument: 'after'` instead.
(node:16456) [MONGOOSE] Warning: mongoose: the `new` option for `findOneAndUpdate()` and `findOneAndReplace()` is deprecated. Use `returnDocument: 'after'` instead.
2026-07-17 04:40:10 [[32MINFO[39M]: Inserted 151 default accounts for business 6a596bda493eb4f96aec854c
(node:16456) [MONGOOSE] Warning: mongoose: the `new` option for `findOneAndUpdate()` and `findOneAndReplace()` is deprecated. Use `returnDocument: 'after'` instead.
2026-07-17 04:40:12 [[32MINFO[39M]: Inserted 151 default accounts for business 6a596bdc493eb4f96aec85ec
(node:16456) [MONGOOSE] Warning: mongoose: the `new` option for `findOneAndUpdate()` and `findOneAndReplace()` is deprecated. Use `returnDocument: 'after'` instead.
2026-07-17 04:40:12 [[32MINFO[39M]: Transaction created: 6a596bdc493eb4f96aec868b by user 6a596bdc493eb4f96aec85eb
(node:16456) [MONGOOSE] Warning: mongoose: the `new` option for `findOneAndUpdate()` and `findOneAndReplace()` is deprecated. Use `returnDocument: 'after'` instead.
(node:16456) [MONGOOSE] Warning: mongoose: the `new` option for `findOneAndUpdate()` and `findOneAndReplace()` is deprecated. Use `returnDocument: 'after'` instead.
(node:16456) [MONGOOSE] Warning: mongoose: the `new` option for `findOneAndUpdate()` and `findOneAndReplace()` is deprecated. Use `returnDocument: 'after'` instead.
(node:16456) [MONGOOSE] Warning: mongoose: the `new` option for `findOneAndUpdate()` and `findOneAndReplace()` is deprecated. Use `returnDocument: 'after'` instead.
(node:16456) [MONGOOSE] Warning: mongoose: the `new` option for `findOneAndUpdate()` and `findOneAndReplace()` is deprecated. Use `returnDocument: 'after'` instead.
(node:16456) [MONGOOSE] Warning: mongoose: the `new` option for `findOneAndUpdate()` and `findOneAndReplace()` is deprecated. Use `returnDocument: 'after'` instead.
(node:16456) [MONGOOSE] Warning: mongoose: the `new` option for `findOneAndUpdate()` and `findOneAndReplace()` is deprecated. Use `returnDocument: 'after'` instead.
2026-07-17 04:40:12 [[32MINFO[39M]: Transaction 6a596bdc493eb4f96aec868b reversed → reversal 6a596bdc493eb4f96aec8697 by user 6a596bdc493eb4f96aec85eb
2026-07-17 04:40:14 [[32MINFO[39M]: Inserted 151 default accounts for business 6a596bde493eb4f96aec86a7
(node:16456) [MONGOOSE] Warning: mongoose: the `new` option for `findOneAndUpdate()` and `findOneAndReplace()` is deprecated. Use `returnDocument: 'after'` instead.
2026-07-17 04:40:14 [[32MINFO[39M]: Transaction created: 6a596bde493eb4f96aec8747 by user 6a596bde493eb4f96aec86a6
(node:16456) [MONGOOSE] Warning: mongoose: the `new` option for `findOneAndUpdate()` and `findOneAndReplace()` is deprecated. Use `returnDocument: 'after'` instead.
(node:16456) [MONGOOSE] Warning: mongoose: the `new` option for `findOneAndUpdate()` and `findOneAndReplace()` is deprecated. Use `returnDocument: 'after'` instead.
(node:16456) [MONGOOSE] Warning: mongoose: the `new` option for `findOneAndUpdate()` and `findOneAndReplace()` is deprecated. Use `returnDocument: 'after'` instead.
2026-07-17 04:40:16 [[32MINFO[39M]: Inserted 151 default accounts for business 6a596be0493eb4f96aec8756
(node:16456) [MONGOOSE] Warning: mongoose: the `new` option for `findOneAndUpdate()` and `findOneAndReplace()` is deprecated. Use `returnDocument: 'after'` instead.
2026-07-17 04:40:16 [[32MINFO[39M]: Transaction created: 6a596be0493eb4f96aec87ef by user 6a596be0493eb4f96aec8755
2026-07-17 04:40:16 [[32MINFO[39M]: Transaction created: 6a596be0493eb4f96aec87f6 by user 6a596be0493eb4f96aec8755
(node:16456) [MONGOOSE] Warning: mongoose: the `new` option for `findOneAndUpdate()` and `findOneAndReplace()` is deprecated. Use `returnDocument: 'after'` instead.
(node:16456) [MONGOOSE] Warning: mongoose: the `new` option for `findOneAndUpdate()` and `findOneAndReplace()` is deprecated. Use `returnDocument: 'after'` instead.
2026-07-17 04:40:16 [[32MINFO[39M]: [arApReconcile] invoice INV-202605-00001 → state=paid paid=1000 remaining=0
2026-07-17 04:40:18 [[32MINFO[39M]: Inserted 151 default accounts for business 6a596be2493eb4f96aec8804
(node:16456) [MONGOOSE] Warning: mongoose: the `new` option for `findOneAndUpdate()` and `findOneAndReplace()` is deprecated. Use `returnDocument: 'after'` instead.
2026-07-17 04:40:18 [[33MWARN[39M]: [FX] No stored rate USD→PKR on 2026-07-16 for business 6a596be2493eb4f96aec8804
2026-07-17 04:40:18 [[32MINFO[39M]: Transaction created: 6a596be2493eb4f96aec88a2 by user 6a596be2493eb4f96aec8803
(node:16456) [MONGOOSE] Warning: mongoose: the `new` option for `findOneAndUpdate()` and `findOneAndReplace()` is deprecated. Use `returnDocument: 'after'` instead.
(node:16456) [MONGOOSE] Warning: mongoose: the `new` option for `findOneAndUpdate()` and `findOneAndReplace()` is deprecated. Use `returnDocument: 'after'` instead.
(node:16456) [MONGOOSE] Warning: mongoose: the `new` option for `findOneAndUpdate()` and `findOneAndReplace()` is deprecated. Use `returnDocument: 'after'` instead.
2026-07-17 04:40:18 [[32MINFO[39M]: [FX] Realised gain of 500 recorded — journal 6a596be2493eb4f96aec88ad
2026-07-17 04:40:20 [[32MINFO[39M]: Inserted 151 default accounts for business 6a596be3493eb4f96aec88b2
(node:16456) [MONGOOSE] Warning: mongoose: the `new` option for `findOneAndUpdate()` and `findOneAndReplace()` is deprecated. Use `returnDocument: 'after'` instead.
2026-07-17 04:40:21 [[32MINFO[39M]: Inserted 151 default accounts for business 6a596be5493eb4f96aec8952
(node:16456) [MONGOOSE] Warning: mongoose: the `new` option for `findOneAndUpdate()` and `findOneAndReplace()` is deprecated. Use `returnDocument: 'after'` instead.
2026-07-17 04:40:23 [[32MINFO[39M]: Inserted 151 default accounts for business 6a596be7493eb4f96aec89f3
(node:16456) [MONGOOSE] Warning: mongoose: the `new` option for `findOneAndUpdate()` and `findOneAndReplace()` is deprecated. Use `returnDocument: 'after'` instead.

ReferenceError: You are trying to `require` a file after the Jest environment has been torn down. From tests/live/openItemAuthority.live.test.js.

    [0m [90m 902 |[39m     _equationTimers[33m.[39m[36mdelete[39m(key)[33m;[39m
     [90m 903 |[39m     [36mtry[39m {
    [31m[1m>[22m[39m[90m 904 |[39m       [36mawait[39m require([32m'../services/trendMonitor.service'[39m)[33m.[39mcheckBalanceEquation(key)[33m;[39m
     [90m     |[39m             [31m[1m^[22m[39m
     [90m 905 |[39m     } [36mcatch[39m (_) { [90m/* invariant check is best-effort; cron re-checks anyway */[39m }
     [90m 906 |[39m     [36mtry[39m {
     [90m 907 |[39m       [90m// FR-03.2 — health indicators react to every posting (real-time AC)[39m[0m

      at Timeout.require [as _onTimeout] (models/JournalEntry.model.js:904:13)

ReferenceError: You are trying to `require` a file after the Jest environment has been torn down. From tests/live/openItemAuthority.live.test.js.

    [0m [90m 906 |[39m     [36mtry[39m {
     [90m 907 |[39m       [90m// FR-03.2 — health indicators react to every posting (real-time AC)[39m
    [31m[1m>[22m[39m[90m 908 |[39m       [36mawait[39m require([32m'../services/healthIndicators.service'[39m)[33m.[39mevaluateAndAlert(key)[33m;[39m
     [90m     |[39m             [31m[1m^[22m[39m
     [90m 909 |[39m     } [36mcatch[39m (_) { [90m/* best-effort; trend cron re-evaluates anyway */[39m }
     [90m 910 |[39m   }[33m,[39m [35m5[39m_000)[33m.[39munref[33m?[39m[33m.[39m() [33m?[39m[33m?[39m [36mnull[39m)[33m;[39m
     [90m 911 |[39m }[0m

      at Timeout.require [as _onTimeout] (models/JournalEntry.model.js:908:13)
2026-07-17 04:40:31 [[32MINFO[39M]: Inserted 151 default accounts for business 6a596befa936ed9cf31ac4aa
2026-07-17 04:40:33 [[32MINFO[39M]: Inserted 151 default accounts for business 6a596bf1a936ed9cf31ac549
(node:16456) [MONGOOSE] Warning: mongoose: the `new` option for `findOneAndUpdate()` and `findOneAndReplace()` is deprecated. Use `returnDocument: 'after'` instead.
2026-07-17 04:40:33 [[32MINFO[39M]: [accountResolver] healed missing default 1110 (Accounts Receivable) for business 6a596bf1a936ed9cf31ac549
2026-07-17 04:40:34 [[32MINFO[39M]: Inserted 151 default accounts for business 6a596bf2a936ed9cf31ac5e8
(node:16456) [MONGOOSE] Warning: mongoose: the `new` option for `findOneAndUpdate()` and `findOneAndReplace()` is deprecated. Use `returnDocument: 'after'` instead.
2026-07-17 04:40:34 [[32MINFO[39M]: [accountResolver] healed missing default 4110 (Sales) for business 6a596bf2a936ed9cf31ac5e8
2026-07-17 04:40:36 [[32MINFO[39M]: Inserted 151 default accounts for business 6a596bf4a936ed9cf31ac687
2026-07-17 04:40:38 [[32MINFO[39M]: Inserted 151 default accounts for business 6a596bf6a936ed9cf31ac723
2026-07-17 04:40:39 [[32MINFO[39M]: Inserted 151 default accounts for business 6a596bf7a936ed9cf31ac7c2
(node:16456) [MONGOOSE] Warning: mongoose: the `new` option for `findOneAndUpdate()` and `findOneAndReplace()` is deprecated. Use `returnDocument: 'after'` instead.
2026-07-17 04:40:39 [[32MINFO[39M]: [accountResolver] healed missing default 2120 (GST Payable) for business 6a596bf7a936ed9cf31ac7c2
2026-07-17 04:40:41 [[32MINFO[39M]: Inserted 151 default accounts for business 6a596bf9a936ed9cf31ac864
2026-07-17 04:40:41 [[32MINFO[39M]: [TaxEngine] Created tax account 1170 (GST Receivable) for business 6a596bf9a936ed9cf31ac864
2026-07-17 04:40:41 [[32MINFO[39M]: [TaxEngine] Created tax account 2121 (SRB Payable) for business 6a596bf9a936ed9cf31ac864
2026-07-17 04:40:41 [[32MINFO[39M]: [TaxEngine] Created tax account 1171 (SRB Receivable) for business 6a596bf9a936ed9cf31ac864
2026-07-17 04:40:41 [[32MINFO[39M]: [TaxEngine] Created tax account 2122 (WHT Receivable) for business 6a596bf9a936ed9cf31ac864
2026-07-17 04:40:43 [[32MINFO[39M]: Inserted 151 default accounts for business 6a596bfba936ed9cf31ac908
2026-07-17 04:40:43 [[32MINFO[39M]: Transaction created: 6a596bfba936ed9cf31ac9a0 by user 6a596bfba936ed9cf31ac907
2026-07-17 04:40:44 [[32MINFO[39M]: Inserted 151 default accounts for business 6a596bfca936ed9cf31ac9a8
2026-07-17 04:40:46 [[32MINFO[39M]: Inserted 151 default accounts for business 6a596bfea936ed9cf31aca47
(node:16456) [MONGOOSE] Warning: mongoose: the `new` option for `findOneAndUpdate()` and `findOneAndReplace()` is deprecated. Use `returnDocument: 'after'` instead.
2026-07-17 04:40:46 [[32MINFO[39M]: [accountResolver] healed missing default 2110 (Accounts Payable) for business 6a596bfea936ed9cf31aca47

ReferenceError: You are trying to `require` a file after the Jest environment has been torn down. From tests/live/recognitionFailsClosed.live.test.js.

    [0m [90m 902 |[39m     _equationTimers[33m.[39m[36mdelete[39m(key)[33m;[39m
     [90m 903 |[39m     [36mtry[39m {
    [31m[1m>[22m[39m[90m 904 |[39m       [36mawait[39m require([32m'../services/trendMonitor.service'[39m)[33m.[39mcheckBalanceEquation(key)[33m;[39m
     [90m     |[39m             [31m[1m^[22m[39m
     [90m 905 |[39m     } [36mcatch[39m (_) { [90m/* invariant check is best-effort; cron re-checks anyway */[39m }
     [90m 906 |[39m     [36mtry[39m {
     [90m 907 |[39m       [90m// FR-03.2 — health indicators react to every posting (real-time AC)[39m[0m

      at Timeout.require [as _onTimeout] (models/JournalEntry.model.js:904:13)

ReferenceError: You are trying to `require` a file after the Jest environment has been torn down. From tests/live/recognitionFailsClosed.live.test.js.

    [0m [90m 906 |[39m     [36mtry[39m {
     [90m 907 |[39m       [90m// FR-03.2 — health indicators react to every posting (real-time AC)[39m
    [31m[1m>[22m[39m[90m 908 |[39m       [36mawait[39m require([32m'../services/healthIndicators.service'[39m)[33m.[39mevaluateAndAlert(key)[33m;[39m
     [90m     |[39m             [31m[1m^[22m[39m
     [90m 909 |[39m     } [36mcatch[39m (_) { [90m/* best-effort; trend cron re-evaluates anyway */[39m }
     [90m 910 |[39m   }[33m,[39m [35m5[39m_000)[33m.[39munref[33m?[39m[33m.[39m() [33m?[39m[33m?[39m [36mnull[39m)[33m;[39m
     [90m 911 |[39m }[0m

      at Timeout.require [as _onTimeout] (models/JournalEntry.model.js:908:13)
2026-07-17 04:40:57 [[32MINFO[39M]: Inserted 151 default accounts for business 6a596c09019326f3147500e8
2026-07-17 04:40:58 [[32MINFO[39M]: Inserted 151 default accounts for business 6a596c0a019326f314750182
2026-07-17 04:41:00 [[32MINFO[39M]: Inserted 151 default accounts for business 6a596c0c019326f314750222
2026-07-17 04:41:02 [[32MINFO[39M]: Inserted 151 default accounts for business 6a596c0e019326f3147502bc
2026-07-17 04:41:03 [[32MINFO[39M]: Inserted 151 default accounts for business 6a596c0f019326f314750359
2026-07-17 04:41:05 [[32MINFO[39M]: Inserted 151 default accounts for business 6a596c11019326f3147503f6
2026-07-17 04:41:05 [[33MWARN[39M]: [booksAssurance] equation_holds could not be verified: report pipeline exploded
2026-07-17 04:41:07 [[32MINFO[39M]: Inserted 151 default accounts for business 6a596c13019326f314750490
2026-07-17 04:41:07 [[32MINFO[39M]: Inserted 151 default accounts for business 6a596c13019326f31475052a
2026-07-17 04:41:09 [[32MINFO[39M]: Inserted 151 default accounts for business 6a596c14019326f3147505c7
2026-07-17 04:41:10 [[32MINFO[39M]: Inserted 151 default accounts for business 6a596c16019326f314750663
2026-07-17 04:41:12 [[32MINFO[39M]: Inserted 151 default accounts for business 6a596c18019326f3147506ff
2026-07-17 04:41:13 [[32MINFO[39M]: Inserted 151 default accounts for business 6a596c19019326f31475079d

ReferenceError: You are trying to `require` a file after the Jest environment has been torn down. From tests/live/booksAssurance.live.test.js.

    [0m [90m 902 |[39m     _equationTimers[33m.[39m[36mdelete[39m(key)[33m;[39m
     [90m 903 |[39m     [36mtry[39m {
    [31m[1m>[22m[39m[90m 904 |[39m       [36mawait[39m require([32m'../services/trendMonitor.service'[39m)[33m.[39mcheckBalanceEquation(key)[33m;[39m
     [90m     |[39m             [31m[1m^[22m[39m
     [90m 905 |[39m     } [36mcatch[39m (_) { [90m/* invariant check is best-effort; cron re-checks anyway */[39m }
     [90m 906 |[39m     [36mtry[39m {
     [90m 907 |[39m       [90m// FR-03.2 — health indicators react to every posting (real-time AC)[39m[0m

      at Timeout.require [as _onTimeout] (models/JournalEntry.model.js:904:13)

ReferenceError: You are trying to `require` a file after the Jest environment has been torn down. From tests/live/booksAssurance.live.test.js.

    [0m [90m 906 |[39m     [36mtry[39m {
     [90m 907 |[39m       [90m// FR-03.2 — health indicators react to every posting (real-time AC)[39m
    [31m[1m>[22m[39m[90m 908 |[39m       [36mawait[39m require([32m'../services/healthIndicators.service'[39m)[33m.[39mevaluateAndAlert(key)[33m;[39m
     [90m     |[39m             [31m[1m^[22m[39m
     [90m 909 |[39m     } [36mcatch[39m (_) { [90m/* best-effort; trend cron re-evaluates anyway */[39m }
     [90m 910 |[39m   }[33m,[39m [35m5[39m_000)[33m.[39munref[33m?[39m[33m.[39m() [33m?[39m[33m?[39m [36mnull[39m)[33m;[39m
     [90m 911 |[39m }[0m

      at Timeout.require [as _onTimeout] (models/JournalEntry.model.js:908:13)
2026-07-17 04:41:22 [[32MINFO[39M]: Inserted 151 default accounts for business 6a596c22106c2433891c03e9
2026-07-17 04:41:23 [[32MINFO[39M]: Inserted 151 default accounts for business 6a596c23106c2433891c0483
(node:16456) [MONGOOSE] Warning: mongoose: the `new` option for `findOneAndUpdate()` and `findOneAndReplace()` is deprecated. Use `returnDocument: 'after'` instead.
2026-07-17 04:41:24 [[32MINFO[39M]: Inserted 151 default accounts for business 6a596c24106c2433891c051e
2026-07-17 04:41:24 [[32MINFO[39M]: Inserted 151 default accounts for business 6a596c24106c2433891c05b8
(node:16456) [MONGOOSE] Warning: mongoose: the `new` option for `findOneAndUpdate()` and `findOneAndReplace()` is deprecated. Use `returnDocument: 'after'` instead.
2026-07-17 04:41:25 [[32MINFO[39M]: Inserted 151 default accounts for business 6a596c25106c2433891c0653
2026-07-17 04:41:25 [[32MINFO[39M]: Inserted 151 default accounts for business 6a596c25106c2433891c06ed
(node:16456) [MONGOOSE] Warning: mongoose: the `new` option for `findOneAndUpdate()` and `findOneAndReplace()` is deprecated. Use `returnDocument: 'after'` instead.
2026-07-17 04:41:42 [[32M'INFO'[39M]: Transaction created: tx001 by user user1
2026-07-17 04:41:42 [[32M'INFO'[39M]: Transaction created: tx001 by user user1
2026-07-17 04:41:42 [[32M'INFO'[39M]: Transaction created: tx001 by user user1
2026-07-17 04:41:42 [[32M'INFO'[39M]: Transaction created: tx001 by user user1
2026-07-17 04:41:42 [[32M'INFO'[39M]: Transaction created: tx001 by user user1
2026-07-17 04:41:42 [[32M'INFO'[39M]: Transaction tx001 reversed → reversal tx_rev by user user1
2026-07-17 04:41:42 [[32M'INFO'[39M]: Transaction created: tx001 by user user1
2026-07-17 04:41:42 [[32M'INFO'[39M]: Bulk import: 1 saved, 1 failed
2026-07-17 04:41:42 [[32M'INFO'[39M]: Transaction created: tx001 by user user1
2026-07-17 04:41:42 [[32M'INFO'[39M]: Transaction created: tx001 by user user1
2026-07-17 04:41:42 [[32M'INFO'[39M]: Bulk import: 2 saved, 0 failed
2026-07-17 04:41:42 [[32M'INFO'[39M]: Stock auto-incremented: qty 5 @ 100 for item item001
2026-07-17 04:41:42 [[32M'INFO'[39M]: Transaction created: tx001 by user user1
2026-07-17 04:41:42 [[32M'INFO'[39M]: Stock auto-incremented: qty 5 @ 90 for item item001
2026-07-17 04:41:42 [[32M'INFO'[39M]: Transaction created: tx001 by user user1
2026-07-17 04:41:42 [[32M'INFO'[39M]: Transaction created: tx001 by user user1
2026-07-17 04:41:42 [[32M'INFO'[39M]: Transaction created: tx001 by user user1
2026-07-17 04:41:44 [[31M'ERROR'[39M]: [invoice] AR recognition rolled back for INV-BT: ledger down
2026-07-17 04:41:44 [[32M'INFO'[39M]: [invoice] INV-BT-STOCK: recognized COGS 40000 for 1 line(s)
2026-07-17 04:41:44 [[31M'ERROR'[39M]: [invoice] AR recognition rolled back for INV-AT: ledger down
2026-07-17 04:41:44 [[31M'ERROR'[39M]: [invoice] AR recognition rolled back for INV-COGS-1: COGS post failed
2026-07-17 04:41:45 [[31M'ERROR'[39M]: [bill] AP recognition rolled back for BILL-BT2: ledger down
2026-07-17 04:41:45 [[31M'ERROR'[39M]: [bill] AP recognition rolled back for BILL-AP: ledger down
2026-07-17 04:41:48 [[32M'INFO'[39M]: Admin admin1 reset MFA for user u1
2026-07-17 04:42:00 [[32M'INFO'[39M]: User new@vousfin.com registered (email verification skipped in this environment)
2026-07-17 04:42:00 [[32M'INFO'[39M]: New user registered: new@vousfin.com from IP 127.0.0.1
2026-07-17 04:42:00 [[32M'INFO'[39M]: Verification email sent to new@vousfin.com
2026-07-17 04:42:00 [[32M'INFO'[39M]: New user registered: new@vousfin.com from IP 127.0.0.1
2026-07-17 04:42:01 [[31M'ERROR'[39M]: Failed to send verification email to x@test.com: SMTP error
2026-07-17 04:42:01 [[32M'INFO'[39M]: New user registered: x@test.com from IP 127.0.0.1
2026-07-17 04:42:01 [[32M'INFO'[39M]: User test@vousfin.com logged in from IP 127.0.0.1
2026-07-17 04:42:01 [[32M'INFO'[39M]: User test@vousfin.com verified email
2026-07-17 04:42:08 [[32M'INFO'[39M]: Transaction orig1 reversed → reversal rev1 by user user1
2026-07-17 04:42:08 [[32M'INFO'[39M]: Transaction orig1 reversed → reversal rev1 by user user1
2026-07-17 04:42:13 [[31M'ERROR'[39M]: [BaseRepository.findById] Cast to ObjectId failed for value "biz1" (type string) at path "_id" for model "Business"
2026-07-17 04:42:13 [[33M'WARN'[39M]: [membership] could not resolve business name for invite email: Error finding document by ID: Cast to ObjectId failed for value "biz1" (type string) at path "_id" for model "Business"
2026-07-17 04:42:15 [[32M'INFO'[39M]: Transaction created: tx001 by user u1
2026-07-17 04:42:15 [[32M'INFO'[39M]: Transaction created: tx001 by user u1
2026-07-17 04:42:15 [[32M'INFO'[39M]: Transaction created: tx001 by user u1
2026-07-17 04:42:15 [[32M'INFO'[39M]: Transaction created: tx001 by user u1
2026-07-17 04:42:15 [[32M'INFO'[39M]: Transaction created: tx001 by user u1
2026-07-17 04:42:16 [[33M'WARN'[39M]: No Cash/Bank account found for business biz001
2026-07-17 04:42:16 [[33M'WARN'[39M]: No Cash/Bank account found for business biz001
2026-07-17 04:42:17 [[33M'WARN'[39M]: [13wk] _committedAR error {"err":"DB failure"}
2026-07-17 04:42:17 [[33M'WARN'[39M]: [13wk] _committedAP error {"err":"DB failure"}
2026-07-17 04:42:17 [[33M'WARN'[39M]: [13wk] _historicalRates error {"err":"DB failure"}
2026-07-17 04:42:32 [[32MINFO[39M]: [actionExecutors] registered handler for "post_journal"
2026-07-17 04:42:32 [[32MINFO[39M]: [actionExecutors] registered handler for "clear_bank_match"
2026-07-17 04:42:32 [[32MINFO[39M]: [actionExecutors] registered handler for "escalate_dunning"
2026-07-17 04:42:32 [[32MINFO[39M]: [actionExecutors] registered handler for "make_payment"
2026-07-17 04:42:32 [[32MINFO[39M]: [actionExecutors] registered handler for "close_month"
2026-07-17 04:42:40 [[32MINFO[39M]: [grn] GRN-202607-00001: received 1 item(s) into inventory
2026-07-17 04:42:40 [[32MINFO[39M]: [grn] GRN-202607-00001: received 1 item(s) into inventory
2026-07-17 04:42:40 [[32MINFO[39M]: [grn] GRN-202607-00001: received 1 item(s) into inventory
2026-07-17 04:42:40 [[32MINFO[39M]: [grn] GRN-202607-00001: received 1 item(s) into inventory
2026-07-17 04:42:51 [[32MINFO[39M]: [billMatch] Bill BILL-2025-00001 match result: matched — All checks passed
2026-07-17 04:42:51 [[32MINFO[39M]: [billMatch] Bill BILL-2025-00001 match result: blocked — DUPLICATE of bill BILL-DUP
2026-07-17 04:42:52 [[32MINFO[39M]: [hierarchical] Revenue: 2 streams reconciled over 3m
2026-07-17 04:43:03 [[32MINFO[39M]: [eventLog] replay business=507f1f77bcf86cd799439060: 2 replayed, 0 failed of 2
2026-07-17 04:43:03 [[32MINFO[39M]: [eventLog] replay business=507f1f77bcf86cd799439060: 0 replayed, 1 failed of 1
2026-07-17 04:43:04 [[33MWARN[39M]: [forecastStore] recordForecast failed (non-fatal): db boom
2026-07-17 04:43:07 [[33MWARN[39M]: [currencyNormalizer] convert EUR->USD failed (using 1:1): no rate
2026-07-17 04:43:08 [[33MWARN[39M]: [invoice] Customer undefined exceeded credit limit (Limit: 900, New Balance: 1000) upon invoice INV-CL-1 approval.
2026-07-17 04:43:14 [[32M'INFO'[39M]: [mfa] setup initiated for user user123
2026-07-17 04:43:14 [[32M'INFO'[39M]: [mfa] enrolled for user user123
2026-07-17 04:43:14 [[32M'INFO'[39M]: [mfa] backup code consumed for user user123
2026-07-17 04:43:14 [[32M'INFO'[39M]: [mfa] disabled for user user123
2026-07-17 04:43:22 [[32MINFO[39M]: [governance] Revenue-monthly auto-rollback: restored_prior (realized MAPE 35 vs backtest 12)
2026-07-17 04:43:22 [[32MINFO[39M]: [governance] Revenue-monthly auto-rollback: retrained (realized MAPE 40 vs backtest 12)
2026-07-17 04:43:23 [[32MINFO[39M]: [allocation] created for bill 507f1f77bcf86cd799439041 method=equal lines=2
2026-07-17 04:43:23 [[32MINFO[39M]: [allocation] created for bill 507f1f77bcf86cd799439041 method=equal lines=2
2026-07-17 04:43:24 [[32MINFO[39M]: [scheduler] created schedule 507f1f77bcf86cd799439022 pattern=monthly
2026-07-17 04:43:24 [[32MINFO[39M]: [scheduler] updateReminderStates: updated 1 of 1 bills
2026-07-17 04:43:24 [[32MINFO[39M]: [scheduler] updateReminderStates: updated 1 of 1 bills
2026-07-17 04:43:24 [[32MINFO[39M]: [scheduler] updateReminderStates: updated 1 of 1 bills
2026-07-17 04:43:25 [[32MINFO[39M]: [scheduler] updateReminderStates: updated 1 of 1 bills
2026-07-17 04:43:25 [[32MINFO[39M]: [scheduler] updateReminderStates: updated 0 of 1 bills
2026-07-17 04:43:25 [[32MINFO[39M]: [scheduler] updateReminderStates: updated 1 of 1 bills
2026-07-17 04:43:26 [[32MINFO[39M]: [dunning] runEscalation: escalated 1 of 2 overdue invoices
2026-07-17 04:43:29 [[32MINFO[39M]: [projectionRebuild] business=507f1f77bcf86cd799439060: rebuilt 2, in-sync 1, skipped 0 of 3
2026-07-17 04:43:31 [[32MINFO[39M]: [championChallenger] Revenue-monthly retrain: promoted_first_champion (challenger MASE 0.6 vs champion —)
2026-07-17 04:43:31 [[32MINFO[39M]: [championChallenger] Revenue-monthly retrain: promoted_over_champion (challenger MASE 0.5 vs champion 0.8)
2026-07-17 04:43:31 [[32MINFO[39M]: [championChallenger] Revenue-monthly retrain: kept_challenger (challenger MASE 0.7 vs champion 0.4)
2026-07-17 04:43:31 [[32MINFO[39M]: [championChallenger] Revenue-monthly retrain: rejected_failed_gate (challenger MASE 1.3 vs champion —)
2026-07-17 04:43:32 [[33MWARN[39M]: [reminder] Invoice INV-001: no customer email — skipping
2026-07-17 04:43:34 [[32MINFO[39M]: [invoice-scheduler] generated invoice inv1 from schedule s1
2026-07-17 04:43:34 [[32MINFO[39M]: [invoice-scheduler] generated 1 invoices from 1 schedules
2026-07-17 04:43:34 [[31MERROR[39M]: [invoice-scheduler] failed to generate invoice from schedule bad: boom
2026-07-17 04:43:34 [[32MINFO[39M]: [invoice-scheduler] generated invoice g1 from schedule good
2026-07-17 04:43:34 [[32MINFO[39M]: [invoice-scheduler] generated 1 invoices from 2 schedules
2026-07-17 04:43:35 [[33MWARN[39M]: [vectorStore] Atlas Vector Search unavailable; using local vector fallback: $vectorSearch is unavailable
2026-07-17 04:43:39 [[31MERROR[39M]: [procurementAudit] Failed to write audit log {"err":"DB error"}
FAIL tests/unit/services/arApReporting.service.test.js
  ● getReconciliation — document vs ledger › reports in-sync when document = ledger entries = control

    expect(received).toBe(expected) // Object.is equality

    Expected: 1000
    Received: 0

    [0m [90m 74 |[39m     [36mconst[39m r [33m=[39m [36mawait[39m reporting[33m.[39mgetReconciliation([33mBIZ[39m[33m,[39m [32m'receivable'[39m)[33m;[39m
     [90m 75 |[39m     expect(r[33m.[39mdocumentTotal)[33m.[39mtoBe([35m1000[39m)[33m;[39m
    [31m[1m>[22m[39m[90m 76 |[39m     expect(r[33m.[39mledgerEntriesTotal)[33m.[39mtoBe([35m1000[39m)[33m;[39m
     [90m    |[39m                                  [31m[1m^[22m[39m
     [90m 77 |[39m     expect(r[33m.[39mledgerControl)[33m.[39mtoBe([35m1000[39m)[33m;[39m
     [90m 78 |[39m     expect(r[33m.[39mdiscrepancyVsEntries)[33m.[39mtoBe([35m0[39m)[33m;[39m
     [90m 79 |[39m     expect(r[33m.[39minSync)[33m.[39mtoBe([36mtrue[39m)[33m;[39m[0m

      at Object.toBe (tests/unit/services/arApReporting.service.test.js:76:34)

  ● getReconciliation — document vs ledger › flags a discrepancy when the document total diverges from the ledger

    expect(received).toBe(expected) // Object.is equality

    Expected: 50
    Received: 1000

    [0m [90m 86 |[39m
     [90m 87 |[39m     [36mconst[39m r [33m=[39m [36mawait[39m reporting[33m.[39mgetReconciliation([33mBIZ[39m[33m,[39m [32m'receivable'[39m)[33m;[39m
    [31m[1m>[22m[39m[90m 88 |[39m     expect(r[33m.[39mdiscrepancyVsEntries)[33m.[39mtoBe([35m50[39m)[33m;[39m
     [90m    |[39m                                    [31m[1m^[22m[39m
     [90m 89 |[39m     expect(r[33m.[39minSync)[33m.[39mtoBe([36mfalse[39m)[33m;[39m
     [90m 90 |[39m   })[33m;[39m
     [90m 91 |[39m[0m

      at Object.toBe (tests/unit/services/arApReporting.service.test.js:88:36)

2026-07-17 04:43:47 [[33MWARN[39M]: [inferenceClient] circuit OPEN for 60000ms after 3 failures
2026-07-17 04:43:50 [[33MWARN[39M]: [feedback] record failed: db down
Summary of all failing tests
FAIL tests/unit/services/arApReporting.service.test.js
  ● getReconciliation — document vs ledger › reports in-sync when document = ledger entries = control

    expect(received).toBe(expected) // Object.is equality

    Expected: 1000
    Received: 0

    [0m [90m 74 |[39m     [36mconst[39m r [33m=[39m [36mawait[39m reporting[33m.[39mgetReconciliation([33mBIZ[39m[33m,[39m [32m'receivable'[39m)[33m;[39m
     [90m 75 |[39m     expect(r[33m.[39mdocumentTotal)[33m.[39mtoBe([35m1000[39m)[33m;[39m
    [31m[1m>[22m[39m[90m 76 |[39m     expect(r[33m.[39mledgerEntriesTotal)[33m.[39mtoBe([35m1000[39m)[33m;[39m
     [90m    |[39m                                  [31m[1m^[22m[39m
     [90m 77 |[39m     expect(r[33m.[39mledgerControl)[33m.[39mtoBe([35m1000[39m)[33m;[39m
     [90m 78 |[39m     expect(r[33m.[39mdiscrepancyVsEntries)[33m.[39mtoBe([35m0[39m)[33m;[39m
     [90m 79 |[39m     expect(r[33m.[39minSync)[33m.[39mtoBe([36mtrue[39m)[33m;[39m[0m

      at Object.toBe (tests/unit/services/arApReporting.service.test.js:76:34)

  ● getReconciliation — document vs ledger › flags a discrepancy when the document total diverges from the ledger

    expect(received).toBe(expected) // Object.is equality

    Expected: 50
    Received: 1000

    [0m [90m 86 |[39m
     [90m 87 |[39m     [36mconst[39m r [33m=[39m [36mawait[39m reporting[33m.[39mgetReconciliation([33mBIZ[39m[33m,[39m [32m'receivable'[39m)[33m;[39m
    [31m[1m>[22m[39m[90m 88 |[39m     expect(r[33m.[39mdiscrepancyVsEntries)[33m.[39mtoBe([35m50[39m)[33m;[39m
     [90m    |[39m                                    [31m[1m^[22m[39m
     [90m 89 |[39m     expect(r[33m.[39minSync)[33m.[39mtoBe([36mfalse[39m)[33m;[39m
     [90m 90 |[39m   })[33m;[39m
     [90m 91 |[39m[0m

      at Object.toBe (tests/unit/services/arApReporting.service.test.js:88:36)


Test Suites: 1 failed, 303 passed, 304 total
Tests:       2 failed, 2178 passed, 2180 total
Snapshots:   0 total
Time:        372.865 s
Ran all test suites.
